Performing C SOURCE FILE Test CMAKE_HAVE_LIBC_PTHREAD failed with the following output:
Change Dir: /mnt/c/Users/Bekhzod_I/Desktop/Laurea_magistrale_HPC/Sem_2/SE4HPC(DI NITTO)/se4hpc_project/build/CMakeFiles/CMakeTmp

Run Build Command(s):/u/sw/toolchains/gcc-glibc/11.2.0/base/bin/gmake -f Makefile cmTC_47460/fast && /u/sw/toolchains/gcc-glibc/11.2.0/base/bin/gmake  -f CMakeFiles/cmTC_47460.dir/build.make CMakeFiles/cmTC_47460.dir/build
gmake[1]: Entering directory '/mnt/c/Users/Bekhzod_I/Desktop/Laurea_magistrale_HPC/Sem_2/SE4HPC(DI NITTO)/se4hpc_project/build/CMakeFiles/CMakeTmp'
Building C object CMakeFiles/cmTC_47460.dir/src.c.o
/u/sw/toolchains/gcc-glibc/11.2.0/prefix/bin/gcc -DCMAKE_HAVE_LIBC_PTHREAD   -o CMakeFiles/cmTC_47460.dir/src.c.o -c "/mnt/c/Users/Bekhzod_I/Desktop/Laurea_magistrale_HPC/Sem_2/SE4HPC(DI NITTO)/se4hpc_project/build/CMakeFiles/CMakeTmp/src.c"
Linking C executable cmTC_47460
/u/sw/toolchains/gcc-glibc/11.2.0/base/bin/cmake -E cmake_link_script CMakeFiles/cmTC_47460.dir/link.txt --verbose=1
/u/sw/toolchains/gcc-glibc/11.2.0/prefix/bin/gcc -rdynamic CMakeFiles/cmTC_47460.dir/src.c.o -o cmTC_47460 
/u/sw/toolchains/gcc-glibc/11.2.0/prefix/lib/gcc/x86_64-mk-linux/11.2.0/../../../../x86_64-mk-linux/bin/ld: CMakeFiles/cmTC_47460.dir/src.c.o: in function `main':
src.c:(.text+0x2d): undefined reference to `pthread_create'
/u/sw/toolchains/gcc-glibc/11.2.0/prefix/lib/gcc/x86_64-mk-linux/11.2.0/../../../../x86_64-mk-linux/bin/ld: src.c:(.text+0x39): undefined reference to `pthread_detach'
/u/sw/toolchains/gcc-glibc/11.2.0/prefix/lib/gcc/x86_64-mk-linux/11.2.0/../../../../x86_64-mk-linux/bin/ld: src.c:(.text+0x45): undefined reference to `pthread_cancel'
/u/sw/toolchains/gcc-glibc/11.2.0/prefix/lib/gcc/x86_64-mk-linux/11.2.0/../../../../x86_64-mk-linux/bin/ld: src.c:(.text+0x56): undefined reference to `pthread_join'
collect2: error: ld returned 1 exit status
gmake[1]: *** [CMakeFiles/cmTC_47460.dir/build.make:99: cmTC_47460] Error 1
gmake[1]: Leaving directory '/mnt/c/Users/Bekhzod_I/Desktop/Laurea_magistrale_HPC/Sem_2/SE4HPC(DI NITTO)/se4hpc_project/build/CMakeFiles/CMakeTmp'
gmake: *** [Makefile:127: cmTC_47460/fast] Error 2


Source file was:
#include <pthread.h>

static void* test_func(void* data)
{
  return data;
}

int main(void)
{
  pthread_t thread;
  pthread_create(&thread, NULL, test_func, NULL);
  pthread_detach(thread);
  pthread_cancel(thread);
  pthread_join(thread, NULL);
  pthread_atfork(NULL, NULL, NULL);
  pthread_exit(NULL);

  return 0;
}

Determining if the function pthread_create exists in the pthreads failed with the following output:
Change Dir: /mnt/c/Users/Bekhzod_I/Desktop/Laurea_magistrale_HPC/Sem_2/SE4HPC(DI NITTO)/se4hpc_project/build/CMakeFiles/CMakeTmp

Run Build Command(s):/u/sw/toolchains/gcc-glibc/11.2.0/base/bin/gmake -f Makefile cmTC_c4df4/fast && /u/sw/toolchains/gcc-glibc/11.2.0/base/bin/gmake  -f CMakeFiles/cmTC_c4df4.dir/build.make CMakeFiles/cmTC_c4df4.dir/build
gmake[1]: Entering directory '/mnt/c/Users/Bekhzod_I/Desktop/Laurea_magistrale_HPC/Sem_2/SE4HPC(DI NITTO)/se4hpc_project/build/CMakeFiles/CMakeTmp'
Building C object CMakeFiles/cmTC_c4df4.dir/CheckFunctionExists.c.o
/u/sw/toolchains/gcc-glibc/11.2.0/prefix/bin/gcc   -DCHECK_FUNCTION_EXISTS=pthread_create -o CMakeFiles/cmTC_c4df4.dir/CheckFunctionExists.c.o -c /u/sw/toolchains/gcc-glibc/11.2.0/base/share/cmake-3.20/Modules/CheckFunctionExists.c
Linking C executable cmTC_c4df4
/u/sw/toolchains/gcc-glibc/11.2.0/base/bin/cmake -E cmake_link_script CMakeFiles/cmTC_c4df4.dir/link.txt --verbose=1
/u/sw/toolchains/gcc-glibc/11.2.0/prefix/bin/gcc  -DCHECK_FUNCTION_EXISTS=pthread_create -rdynamic CMakeFiles/cmTC_c4df4.dir/CheckFunctionExists.c.o -o cmTC_c4df4  -lpthreads 
/u/sw/toolchains/gcc-glibc/11.2.0/prefix/lib/gcc/x86_64-mk-linux/11.2.0/../../../../x86_64-mk-linux/bin/ld: cannot find -lpthreads
collect2: error: ld returned 1 exit status
gmake[1]: *** [CMakeFiles/cmTC_c4df4.dir/build.make:99: cmTC_c4df4] Error 1
gmake[1]: Leaving directory '/mnt/c/Users/Bekhzod_I/Desktop/Laurea_magistrale_HPC/Sem_2/SE4HPC(DI NITTO)/se4hpc_project/build/CMakeFiles/CMakeTmp'
gmake: *** [Makefile:127: cmTC_c4df4/fast] Error 2



